Port monitor named: Port1_h1[9].prt

nx        = 30
ny        = 4
nz        = 35

nu        = 4
nv        = 21
iu        = 1
iv        = 8

idir      = 0
dcut      = 3.000000e-002
icut      = 30
type      = 1
frequency = 9.000000e+009

fcutoff   = 7.488376e+009
alpha     = 0.000000e+000
beta      = 1.045570e+002
accuracy  = 2.730243e-014

type          = TE
wave imp.     = 6.796401e+002
wave imp.sig. = 1.283378e-005
line imp.     = 0.000000e+000

ref. port     = 0

0.000000e+000  0.000000e+000  0.000000e+000  0.000000e+000  
0.000000e+000  0.000000e+000  0.000000e+000  0.000000e+000  
0.000000e+000  0.000000e+000  0.000000e+000  0.000000e+000  
0.000000e+000  0.000000e+000  0.000000e+000  0.000000e+000  
0.000000e+000  0.000000e+000  0.000000e+000  0.000000e+000  
0.000000e+000  0.000000e+000  0.000000e+000  0.000000e+000  
0.000000e+000  0.000000e+000  0.000000e+000  0.000000e+000  
0.000000e+000  0.000000e+000  0.000000e+000  0.000000e+000  
0.000000e+000  0.000000e+000  0.000000e+000  0.000000e+000  
0.000000e+000  0.000000e+000  0.000000e+000  0.000000e+000  
0.000000e+000  0.000000e+000  0.000000e+000  0.000000e+000  
0.000000e+000  0.000000e+000  0.000000e+000  0.000000e+000  
0.000000e+000  0.000000e+000  0.000000e+000  0.000000e+000  
0.000000e+000  0.000000e+000  0.000000e+000  0.000000e+000  
0.000000e+000  0.000000e+000  0.000000e+000  0.000000e+000  
0.000000e+000  0.000000e+000  0.000000e+000  0.000000e+000  
0.000000e+000  0.000000e+000  0.000000e+000  0.000000e+000  
0.000000e+000  0.000000e+000  0.000000e+000  0.000000e+000  
0.000000e+000  0.000000e+000  0.000000e+000  0.000000e+000  
0.000000e+000  0.000000e+000  0.000000e+000  0.000000e+000  
0.000000e+000  0.000000e+000  0.000000e+000  0.000000e+000  

0.000000e+000  0.000000e+000  0.000000e+000  0.000000e+000  
5.452119e-001  5.452119e-001  5.452119e-001  0.000000e+000  
1.079330e+000  1.079330e+000  1.079330e+000  0.000000e+000  
1.591485e+000  1.591485e+000  1.591485e+000  0.000000e+000  
2.154592e+000  2.154592e+000  2.154592e+000  0.000000e+000  
2.796004e+000  2.796004e+000  2.796004e+000  0.000000e+000  
3.197435e+000  3.197435e+000  3.197435e+000  0.000000e+000  
3.466418e+000  3.466418e+000  3.466418e+000  0.000000e+000  
3.664866e+000  3.664866e+000  3.664866e+000  0.000000e+000  
3.788739e+000  3.788739e+000  3.788739e+000  0.000000e+000  
3.835953e+000  3.835953e+000  3.835953e+000  0.000000e+000  
3.788739e+000  3.788739e+000  3.788739e+000  0.000000e+000  
3.664866e+000  3.664866e+000  3.664866e+000  0.000000e+000  
3.466418e+000  3.466418e+000  3.466418e+000  0.000000e+000  
3.197435e+000  3.197435e+000  3.197435e+000  0.000000e+000  
2.796004e+000  2.796004e+000  2.796004e+000  0.000000e+000  
2.154592e+000  2.154592e+000  2.154592e+000  0.000000e+000  
1.591485e+000  1.591485e+000  1.591485e+000  0.000000e+000  
1.079330e+000  1.079330e+000  1.079330e+000  0.000000e+000  
5.452119e-001  5.452119e-001  5.452119e-001  0.000000e+000  
0.000000e+000  0.000000e+000  0.000000e+000  0.000000e+000  

0.000000e+000  0.000000e+000  0.000000e+000  0.000000e+000  
0.000000e+000  0.000000e+000  0.000000e+000  0.000000e+000  
0.000000e+000  0.000000e+000  0.000000e+000  0.000000e+000  
0.000000e+000  0.000000e+000  0.000000e+000  0.000000e+000  
0.000000e+000  0.000000e+000  0.000000e+000  0.000000e+000  
0.000000e+000  0.000000e+000  0.000000e+000  0.000000e+000  
0.000000e+000  0.000000e+000  0.000000e+000  0.000000e+000  
0.000000e+000  0.000000e+000  0.000000e+000  0.000000e+000  
0.000000e+000  0.000000e+000  0.000000e+000  0.000000e+000  
0.000000e+000  0.000000e+000  0.000000e+000  0.000000e+000  
0.000000e+000  0.000000e+000  0.000000e+000  0.000000e+000  
0.000000e+000  0.000000e+000  0.000000e+000  0.000000e+000  
0.000000e+000  0.000000e+000  0.000000e+000  0.000000e+000  
0.000000e+000  0.000000e+000  0.000000e+000  0.000000e+000  
0.000000e+000  0.000000e+000  0.000000e+000  0.000000e+000  
0.000000e+000  0.000000e+000  0.000000e+000  0.000000e+000  
0.000000e+000  0.000000e+000  0.000000e+000  0.000000e+000  
0.000000e+000  0.000000e+000  0.000000e+000  0.000000e+000  
0.000000e+000  0.000000e+000  0.000000e+000  0.000000e+000  
0.000000e+000  0.000000e+000  0.000000e+000  0.000000e+000  
0.000000e+000  0.000000e+000  0.000000e+000  0.000000e+000  

0.000000e+000  0.000000e+000  0.000000e+000  0.000000e+000  
0.000000e+000  0.000000e+000  0.000000e+000  0.000000e+000  
0.000000e+000  0.000000e+000  0.000000e+000  0.000000e+000  
0.000000e+000  0.000000e+000  0.000000e+000  0.000000e+000  
0.000000e+000  0.000000e+000  0.000000e+000  0.000000e+000  
0.000000e+000  0.000000e+000  0.000000e+000  0.000000e+000  
0.000000e+000  0.000000e+000  0.000000e+000  0.000000e+000  
0.000000e+000  0.000000e+000  0.000000e+000  0.000000e+000  
0.000000e+000  0.000000e+000  0.000000e+000  0.000000e+000  
0.000000e+000  0.000000e+000  0.000000e+000  0.000000e+000  
0.000000e+000  0.000000e+000  0.000000e+000  0.000000e+000  
0.000000e+000  0.000000e+000  0.000000e+000  0.000000e+000  
0.000000e+000  0.000000e+000  0.000000e+000  0.000000e+000  
0.000000e+000  0.000000e+000  0.000000e+000  0.000000e+000  
0.000000e+000  0.000000e+000  0.000000e+000  0.000000e+000  
0.000000e+000  0.000000e+000  0.000000e+000  0.000000e+000  
0.000000e+000  0.000000e+000  0.000000e+000  0.000000e+000  
0.000000e+000  0.000000e+000  0.000000e+000  0.000000e+000  
0.000000e+000  0.000000e+000  0.000000e+000  0.000000e+000  
0.000000e+000  0.000000e+000  0.000000e+000  0.000000e+000  
0.000000e+000  0.000000e+000  0.000000e+000  0.000000e+000  

0.000000e+000  0.000000e+000  0.000000e+000  0.000000e+000  
0.000000e+000  0.000000e+000  0.000000e+000  0.000000e+000  
0.000000e+000  0.000000e+000  0.000000e+000  0.000000e+000  
0.000000e+000  0.000000e+000  0.000000e+000  0.000000e+000  
0.000000e+000  0.000000e+000  0.000000e+000  0.000000e+000  
0.000000e+000  0.000000e+000  0.000000e+000  0.000000e+000  
0.000000e+000  0.000000e+000  0.000000e+000  0.000000e+000  
0.000000e+000  0.000000e+000  0.000000e+000  0.000000e+000  
0.000000e+000  0.000000e+000  0.000000e+000  0.000000e+000  
0.000000e+000  0.000000e+000  0.000000e+000  0.000000e+000  
0.000000e+000  0.000000e+000  0.000000e+000  0.000000e+000  
0.000000e+000  0.000000e+000  0.000000e+000  0.000000e+000  
0.000000e+000  0.000000e+000  0.000000e+000  0.000000e+000  
0.000000e+000  0.000000e+000  0.000000e+000  0.000000e+000  
0.000000e+000  0.000000e+000  0.000000e+000  0.000000e+000  
0.000000e+000  0.000000e+000  0.000000e+000  0.000000e+000  
0.000000e+000  0.000000e+000  0.000000e+000  0.000000e+000  
0.000000e+000  0.000000e+000  0.000000e+000  0.000000e+000  
0.000000e+000  0.000000e+000  0.000000e+000  0.000000e+000  
0.000000e+000  0.000000e+000  0.000000e+000  0.000000e+000  
0.000000e+000  0.000000e+000  0.000000e+000  0.000000e+000  

5.735386e+000  5.735386e+000  5.735386e+000  0.000000e+000  
5.618680e+000  5.618680e+000  5.618680e+000  0.000000e+000  
5.387641e+000  5.387641e+000  5.387641e+000  0.000000e+000  
5.016156e+000  5.016156e+000  5.016156e+000  0.000000e+000  
4.389346e+000  4.389346e+000  4.389346e+000  0.000000e+000  
3.575938e+000  3.575938e+000  3.575938e+000  0.000000e+000  
2.829592e+000  2.829592e+000  2.829592e+000  0.000000e+000  
2.087578e+000  2.087578e+000  2.087578e+000  0.000000e+000  
1.303085e+000  1.303085e+000  1.303085e+000  0.000000e+000  
4.515696e-001  4.515696e-001  4.515696e-001  0.000000e+000  
-4.515696e-001  -4.515696e-001  -4.515696e-001  0.000000e+000  
-1.303085e+000  -1.303085e+000  -1.303085e+000  0.000000e+000  
-2.087578e+000  -2.087578e+000  -2.087578e+000  0.000000e+000  
-2.829592e+000  -2.829592e+000  -2.829592e+000  0.000000e+000  
-3.575938e+000  -3.575938e+000  -3.575938e+000  0.000000e+000  
-4.389346e+000  -4.389346e+000  -4.389346e+000  0.000000e+000  
-5.016156e+000  -5.016156e+000  -5.016156e+000  0.000000e+000  
-5.387641e+000  -5.387641e+000  -5.387641e+000  0.000000e+000  
-5.618680e+000  -5.618680e+000  -5.618680e+000  0.000000e+000  
-5.735386e+000  -5.735386e+000  -5.735386e+000  0.000000e+000  
0.000000e+000  0.000000e+000  0.000000e+000  0.000000e+000  

