Port monitor named: Port1_h1[4.5].prt

nx        = 108
ny        = 155
nz        = 219

nu        = 8
nv        = 8
iu        = 1
iv        = 92

idir      = 2
dcut      = -1.542100e-016
icut      = 5
type      = 1
frequency = 4.500000e+009

fcutoff   = 3.740562e+009
alpha     = 0.000000e+000
beta      = 5.239571e+001
accuracy  = 1.867838e-015

type          = TE
wave imp.     = 6.781199e+002
wave imp.sig. = 4.952313e-013
line imp.     = 0.000000e+000

ref. port     = 0

-1.920069e+000  -1.871929e+000  -1.729922e+000  -1.501170e+000  -1.197143e+000  -8.330866e-001  -4.272555e-001  0.000000e+000  
-1.920069e+000  -1.871929e+000  -1.729922e+000  -1.501170e+000  -1.197143e+000  -8.330866e-001  -4.272555e-001  0.000000e+000  
-1.920069e+000  -1.871929e+000  -1.729922e+000  -1.501170e+000  -1.197143e+000  -8.330866e-001  -4.272555e-001  0.000000e+000  
-1.920069e+000  -1.871929e+000  -1.729922e+000  -1.501170e+000  -1.197143e+000  -8.330866e-001  -4.272555e-001  0.000000e+000  
-1.920069e+000  -1.871929e+000  -1.729922e+000  -1.501170e+000  -1.197143e+000  -8.330866e-001  -4.272555e-001  0.000000e+000  
-1.920069e+000  -1.871929e+000  -1.729922e+000  -1.501170e+000  -1.197143e+000  -8.330866e-001  -4.272555e-001  0.000000e+000  
-1.920069e+000  -1.871929e+000  -1.729922e+000  -1.501170e+000  -1.197143e+000  -8.330866e-001  -4.272555e-001  0.000000e+000  
0.000000e+000  0.000000e+000  0.000000e+000  0.000000e+000  0.000000e+000  0.000000e+000  0.000000e+000  0.000000e+000  

0.000000e+000  0.000000e+000  0.000000e+000  0.000000e+000  0.000000e+000  0.000000e+000  0.000000e+000  0.000000e+000  
0.000000e+000  0.000000e+000  0.000000e+000  0.000000e+000  0.000000e+000  0.000000e+000  0.000000e+000  0.000000e+000  
0.000000e+000  0.000000e+000  0.000000e+000  0.000000e+000  0.000000e+000  0.000000e+000  0.000000e+000  0.000000e+000  
0.000000e+000  0.000000e+000  0.000000e+000  0.000000e+000  0.000000e+000  0.000000e+000  0.000000e+000  0.000000e+000  
0.000000e+000  0.000000e+000  0.000000e+000  0.000000e+000  0.000000e+000  0.000000e+000  0.000000e+000  0.000000e+000  
0.000000e+000  0.000000e+000  0.000000e+000  0.000000e+000  0.000000e+000  0.000000e+000  0.000000e+000  0.000000e+000  
0.000000e+000  0.000000e+000  0.000000e+000  0.000000e+000  0.000000e+000  0.000000e+000  0.000000e+000  0.000000e+000  
0.000000e+000  0.000000e+000  0.000000e+000  0.000000e+000  0.000000e+000  0.000000e+000  0.000000e+000  0.000000e+000  

0.000000e+000  0.000000e+000  0.000000e+000  0.000000e+000  0.000000e+000  0.000000e+000  0.000000e+000  0.000000e+000  
0.000000e+000  0.000000e+000  0.000000e+000  0.000000e+000  0.000000e+000  0.000000e+000  0.000000e+000  0.000000e+000  
0.000000e+000  0.000000e+000  0.000000e+000  0.000000e+000  0.000000e+000  0.000000e+000  0.000000e+000  0.000000e+000  
0.000000e+000  0.000000e+000  0.000000e+000  0.000000e+000  0.000000e+000  0.000000e+000  0.000000e+000  0.000000e+000  
0.000000e+000  0.000000e+000  0.000000e+000  0.000000e+000  0.000000e+000  0.000000e+000  0.000000e+000  0.000000e+000  
0.000000e+000  0.000000e+000  0.000000e+000  0.000000e+000  0.000000e+000  0.000000e+000  0.000000e+000  0.000000e+000  
0.000000e+000  0.000000e+000  0.000000e+000  0.000000e+000  0.000000e+000  0.000000e+000  0.000000e+000  0.000000e+000  
0.000000e+000  0.000000e+000  0.000000e+000  0.000000e+000  0.000000e+000  0.000000e+000  0.000000e+000  0.000000e+000  

0.000000e+000  0.000000e+000  0.000000e+000  0.000000e+000  0.000000e+000  0.000000e+000  0.000000e+000  0.000000e+000  
0.000000e+000  0.000000e+000  0.000000e+000  0.000000e+000  0.000000e+000  0.000000e+000  0.000000e+000  0.000000e+000  
0.000000e+000  0.000000e+000  0.000000e+000  0.000000e+000  0.000000e+000  0.000000e+000  0.000000e+000  0.000000e+000  
0.000000e+000  0.000000e+000  0.000000e+000  0.000000e+000  0.000000e+000  0.000000e+000  0.000000e+000  0.000000e+000  
0.000000e+000  0.000000e+000  0.000000e+000  0.000000e+000  0.000000e+000  0.000000e+000  0.000000e+000  0.000000e+000  
0.000000e+000  0.000000e+000  0.000000e+000  0.000000e+000  0.000000e+000  0.000000e+000  0.000000e+000  0.000000e+000  
0.000000e+000  0.000000e+000  0.000000e+000  0.000000e+000  0.000000e+000  0.000000e+000  0.000000e+000  0.000000e+000  
0.000000e+000  0.000000e+000  0.000000e+000  0.000000e+000  0.000000e+000  0.000000e+000  0.000000e+000  0.000000e+000  

0.000000e+000  0.000000e+000  0.000000e+000  0.000000e+000  0.000000e+000  0.000000e+000  0.000000e+000  0.000000e+000  
0.000000e+000  0.000000e+000  0.000000e+000  0.000000e+000  0.000000e+000  0.000000e+000  0.000000e+000  0.000000e+000  
0.000000e+000  0.000000e+000  0.000000e+000  0.000000e+000  0.000000e+000  0.000000e+000  0.000000e+000  0.000000e+000  
0.000000e+000  0.000000e+000  0.000000e+000  0.000000e+000  0.000000e+000  0.000000e+000  0.000000e+000  0.000000e+000  
0.000000e+000  0.000000e+000  0.000000e+000  0.000000e+000  0.000000e+000  0.000000e+000  0.000000e+000  0.000000e+000  
0.000000e+000  0.000000e+000  0.000000e+000  0.000000e+000  0.000000e+000  0.000000e+000  0.000000e+000  0.000000e+000  
0.000000e+000  0.000000e+000  0.000000e+000  0.000000e+000  0.000000e+000  0.000000e+000  0.000000e+000  0.000000e+000  
0.000000e+000  0.000000e+000  0.000000e+000  0.000000e+000  0.000000e+000  0.000000e+000  0.000000e+000  0.000000e+000  

3.215730e-001  9.485940e-001  1.528048e+000  2.030880e+000  2.431875e+000  2.710926e+000  2.854039e+000  0.000000e+000  
3.215730e-001  9.485940e-001  1.528048e+000  2.030880e+000  2.431875e+000  2.710926e+000  2.854039e+000  0.000000e+000  
3.215730e-001  9.485940e-001  1.528048e+000  2.030880e+000  2.431875e+000  2.710926e+000  2.854039e+000  0.000000e+000  
3.215730e-001  9.485940e-001  1.528048e+000  2.030880e+000  2.431875e+000  2.710926e+000  2.854039e+000  0.000000e+000  
3.215730e-001  9.485940e-001  1.528048e+000  2.030880e+000  2.431875e+000  2.710926e+000  2.854039e+000  0.000000e+000  
3.215730e-001  9.485940e-001  1.528048e+000  2.030880e+000  2.431875e+000  2.710926e+000  2.854039e+000  0.000000e+000  
3.215730e-001  9.485940e-001  1.528048e+000  2.030880e+000  2.431875e+000  2.710926e+000  2.854039e+000  0.000000e+000  
0.000000e+000  0.000000e+000  0.000000e+000  0.000000e+000  0.000000e+000  0.000000e+000  0.000000e+000  0.000000e+000  

